2026-04-08 09:50:03,515 - root - INFO - C:\Users\reeve\Documents\Github\math-buddy\main.py:46 - MathBuddy API starting up...
2026-04-08 09:50:03,525 - root - INFO - C:\Users\reeve\Documents\Github\math-buddy\main.py:48 - Database initialized
2026-04-08 09:50:09,258 - passlib.handlers.bcrypt - WARNING - C:\Users\reeve\Documents\GitHub\math-buddy\.venv\Lib\site-packages\passlib\handlers\bcrypt.py:622 - (trapped) error reading bcrypt version
Traceback (most recent call last):
  File "C:\Users\reeve\Documents\GitHub\math-buddy\.venv\Lib\site-packages\passlib\handlers\bcrypt.py", line 620, in _load_backend_mixin
    version = _bcrypt.__about__.__version__
              ^^^^^^^^^^^^^^^^^
AttributeError: module 'bcrypt' has no attribute '__about__'
2026-04-08 09:50:09,586 - httpx - INFO - C:\Users\reeve\Documents\GitHub\math-buddy\.venv\Lib\site-packages\httpx\_client.py:1740 - HTTP Request: POST http://test/api/auth/register "HTTP/1.1 200 OK"
2026-04-08 09:50:10,093 - httpx - INFO - C:\Users\reeve\Documents\GitHub\math-buddy\.venv\Lib\site-packages\httpx\_client.py:1740 - HTTP Request: POST http://test/api/auth/register "HTTP/1.1 400 Bad Request"
2026-04-08 09:50:10,965 - httpx - INFO - C:\Users\reeve\Documents\GitHub\math-buddy\.venv\Lib\site-packages\httpx\_client.py:1740 - HTTP Request: POST http://test/api/auth/login "HTTP/1.1 200 OK"
2026-04-08 09:50:11,871 - httpx - INFO - C:\Users\reeve\Documents\GitHub\math-buddy\.venv\Lib\site-packages\httpx\_client.py:1740 - HTTP Request: POST http://test/api/auth/login "HTTP/1.1 401 Unauthorized"
2026-04-08 09:50:12,719 - httpx - INFO - C:\Users\reeve\Documents\GitHub\math-buddy\.venv\Lib\site-packages\httpx\_client.py:1740 - HTTP Request: POST http://test/api/auth/login "HTTP/1.1 200 OK"
2026-04-08 09:50:12,729 - httpx - INFO - C:\Users\reeve\Documents\GitHub\math-buddy\.venv\Lib\site-packages\httpx\_client.py:1740 - HTTP Request: GET http://test/api/users/me "HTTP/1.1 200 OK"
2026-04-08 09:50:12,966 - httpx - INFO - C:\Users\reeve\Documents\GitHub\math-buddy\.venv\Lib\site-packages\httpx\_client.py:1740 - HTTP Request: GET http://test/api/users/me "HTTP/1.1 401 Unauthorized"
2026-04-08 09:50:13,897 - httpx - INFO - C:\Users\reeve\Documents\GitHub\math-buddy\.venv\Lib\site-packages\httpx\_client.py:1740 - HTTP Request: POST http://test/api/auth/login "HTTP/1.1 200 OK"
2026-04-08 09:50:13,922 - httpx - INFO - C:\Users\reeve\Documents\GitHub\math-buddy\.venv\Lib\site-packages\httpx\_client.py:1740 - HTTP Request: POST http://test/api/practice/session "HTTP/1.1 201 Created"
2026-04-08 09:50:14,749 - httpx - INFO - C:\Users\reeve\Documents\GitHub\math-buddy\.venv\Lib\site-packages\httpx\_client.py:1740 - HTTP Request: POST http://test/api/auth/login "HTTP/1.1 200 OK"
2026-04-08 09:50:14,825 - httpx - INFO - C:\Users\reeve\Documents\GitHub\math-buddy\.venv\Lib\site-packages\httpx\_client.py:1740 - HTTP Request: POST http://test/api/practice/session/1/answer "HTTP/1.1 200 OK"
2026-04-08 09:50:15,816 - httpx - INFO - C:\Users\reeve\Documents\GitHub\math-buddy\.venv\Lib\site-packages\httpx\_client.py:1740 - HTTP Request: POST http://test/api/auth/login "HTTP/1.1 200 OK"
2026-04-08 09:50:15,880 - httpx - INFO - C:\Users\reeve\Documents\GitHub\math-buddy\.venv\Lib\site-packages\httpx\_client.py:1740 - HTTP Request: POST http://test/api/practice/session/1/answer "HTTP/1.1 200 OK"
2026-04-08 09:50:16,650 - httpx - INFO - C:\Users\reeve\Documents\GitHub\math-buddy\.venv\Lib\site-packages\httpx\_client.py:1740 - HTTP Request: POST http://test/api/auth/login "HTTP/1.1 200 OK"
2026-04-08 09:50:16,685 - httpx - INFO - C:\Users\reeve\Documents\GitHub\math-buddy\.venv\Lib\site-packages\httpx\_client.py:1740 - HTTP Request: GET http://test/api/practice/session/1/stats "HTTP/1.1 200 OK"
2026-04-08 09:50:17,519 - httpx - INFO - C:\Users\reeve\Documents\GitHub\math-buddy\.venv\Lib\site-packages\httpx\_client.py:1740 - HTTP Request: POST http://test/api/auth/login "HTTP/1.1 200 OK"
2026-04-08 09:50:17,535 - httpx - INFO - C:\Users\reeve\Documents\GitHub\math-buddy\.venv\Lib\site-packages\httpx\_client.py:1740 - HTTP Request: GET http://test/api/practice/session/99999/stats "HTTP/1.1 404 Not Found"
2026-04-08 09:50:18,306 - httpx - INFO - C:\Users\reeve\Documents\GitHub\math-buddy\.venv\Lib\site-packages\httpx\_client.py:1740 - HTTP Request: POST http://test/api/auth/login "HTTP/1.1 200 OK"
2026-04-08 09:50:18,852 - httpx - INFO - C:\Users\reeve\Documents\GitHub\math-buddy\.venv\Lib\site-packages\httpx\_client.py:1740 - HTTP Request: POST http://test/api/auth/login "HTTP/1.1 200 OK"
2026-04-08 09:50:18,859 - httpx - INFO - C:\Users\reeve\Documents\GitHub\math-buddy\.venv\Lib\site-packages\httpx\_client.py:1740 - HTTP Request: GET http://test/api/problems/ "HTTP/1.1 200 OK"
2026-04-08 09:50:19,613 - httpx - INFO - C:\Users\reeve\Documents\GitHub\math-buddy\.venv\Lib\site-packages\httpx\_client.py:1740 - HTTP Request: POST http://test/api/auth/login "HTTP/1.1 200 OK"
2026-04-08 09:50:19,638 - httpx - INFO - C:\Users\reeve\Documents\GitHub\math-buddy\.venv\Lib\site-packages\httpx\_client.py:1740 - HTTP Request: POST http://test/api/problems/ "HTTP/1.1 200 OK"
2026-04-08 09:50:20,499 - httpx - INFO - C:\Users\reeve\Documents\GitHub\math-buddy\.venv\Lib\site-packages\httpx\_client.py:1740 - HTTP Request: POST http://test/api/auth/login "HTTP/1.1 200 OK"
2026-04-08 09:50:20,510 - httpx - INFO - C:\Users\reeve\Documents\GitHub\math-buddy\.venv\Lib\site-packages\httpx\_client.py:1740 - HTTP Request: POST http://test/api/problems/ "HTTP/1.1 403 Forbidden"
2026-04-08 09:50:21,293 - httpx - INFO - C:\Users\reeve\Documents\GitHub\math-buddy\.venv\Lib\site-packages\httpx\_client.py:1740 - HTTP Request: POST http://test/api/auth/login "HTTP/1.1 200 OK"
2026-04-08 09:50:21,977 - httpx - INFO - C:\Users\reeve\Documents\GitHub\math-buddy\.venv\Lib\site-packages\httpx\_client.py:1740 - HTTP Request: POST http://test/api/auth/login "HTTP/1.1 200 OK"
2026-04-08 09:50:22,004 - httpx - INFO - C:\Users\reeve\Documents\GitHub\math-buddy\.venv\Lib\site-packages\httpx\_client.py:1740 - HTTP Request: GET http://test/api/problems/1 "HTTP/1.1 200 OK"
2026-04-08 09:50:22,775 - httpx - INFO - C:\Users\reeve\Documents\GitHub\math-buddy\.venv\Lib\site-packages\httpx\_client.py:1740 - HTTP Request: POST http://test/api/auth/login "HTTP/1.1 200 OK"
2026-04-08 09:50:22,782 - httpx - INFO - C:\Users\reeve\Documents\GitHub\math-buddy\.venv\Lib\site-packages\httpx\_client.py:1740 - HTTP Request: GET http://test/api/problems/99999 "HTTP/1.1 404 Not Found"
2026-04-08 09:50:23,586 - httpx - INFO - C:\Users\reeve\Documents\GitHub\math-buddy\.venv\Lib\site-packages\httpx\_client.py:1740 - HTTP Request: POST http://test/api/auth/login "HTTP/1.1 200 OK"
2026-04-08 09:50:23,645 - httpx - INFO - C:\Users\reeve\Documents\GitHub\math-buddy\.venv\Lib\site-packages\httpx\_client.py:1740 - HTTP Request: DELETE http://test/api/problems/1 "HTTP/1.1 200 OK"
2026-04-08 09:50:24,592 - httpx - INFO - C:\Users\reeve\Documents\GitHub\math-buddy\.venv\Lib\site-packages\httpx\_client.py:1740 - HTTP Request: POST http://test/api/auth/login "HTTP/1.1 200 OK"
2026-04-08 09:50:24,608 - httpx - INFO - C:\Users\reeve\Documents\GitHub\math-buddy\.venv\Lib\site-packages\httpx\_client.py:1740 - HTTP Request: DELETE http://test/api/problems/1 "HTTP/1.1 403 Forbidden"
2026-04-08 09:50:25,459 - httpx - INFO - C:\Users\reeve\Documents\GitHub\math-buddy\.venv\Lib\site-packages\httpx\_client.py:1740 - HTTP Request: POST http://test/api/auth/login "HTTP/1.1 200 OK"
2026-04-08 09:50:25,522 - httpx - INFO - C:\Users\reeve\Documents\GitHub\math-buddy\.venv\Lib\site-packages\httpx\_client.py:1740 - HTTP Request: GET http://test/api/problems/?operation=addition "HTTP/1.1 200 OK"
2026-04-08 09:50:26,517 - httpx - INFO - C:\Users\reeve\Documents\GitHub\math-buddy\.venv\Lib\site-packages\httpx\_client.py:1740 - HTTP Request: POST http://test/api/auth/login "HTTP/1.1 200 OK"
2026-04-08 09:50:26,539 - httpx - INFO - C:\Users\reeve\Documents\GitHub\math-buddy\.venv\Lib\site-packages\httpx\_client.py:1740 - HTTP Request: GET http://test/api/problems/?difficulty=easy "HTTP/1.1 200 OK"
2026-04-08 09:50:32,943 - httpx - INFO - C:\Users\reeve\Documents\GitHub\math-buddy\.venv\Lib\site-packages\httpx\_client.py:1740 - HTTP Request: POST http://test/api/auth/login "HTTP/1.1 200 OK"
2026-04-08 09:50:32,943 - httpx - INFO - C:\Users\reeve\Documents\GitHub\math-buddy\.venv\Lib\site-packages\httpx\_client.py:1740 - HTTP Request: GET http://test/api/users/me "HTTP/1.1 200 OK"
2026-04-08 09:50:33,762 - httpx - INFO - C:\Users\reeve\Documents\GitHub\math-buddy\.venv\Lib\site-packages\httpx\_client.py:1740 - HTTP Request: POST http://test/api/auth/login "HTTP/1.1 200 OK"
2026-04-08 09:50:34,045 - httpx - INFO - C:\Users\reeve\Documents\GitHub\math-buddy\.venv\Lib\site-packages\httpx\_client.py:1740 - HTTP Request: GET http://test/api/users/ "HTTP/1.1 200 OK"
2026-04-08 09:50:34,776 - httpx - INFO - C:\Users\reeve\Documents\GitHub\math-buddy\.venv\Lib\site-packages\httpx\_client.py:1740 - HTTP Request: POST http://test/api/auth/login "HTTP/1.1 200 OK"
2026-04-08 09:50:34,776 - httpx - INFO - C:\Users\reeve\Documents\GitHub\math-buddy\.venv\Lib\site-packages\httpx\_client.py:1740 - HTTP Request: GET http://test/api/users/ "HTTP/1.1 403 Forbidden"
2026-04-08 09:50:35,558 - httpx - INFO - C:\Users\reeve\Documents\GitHub\math-buddy\.venv\Lib\site-packages\httpx\_client.py:1740 - HTTP Request: POST http://test/api/auth/login "HTTP/1.1 200 OK"
2026-04-08 09:50:35,919 - httpx - INFO - C:\Users\reeve\Documents\GitHub\math-buddy\.venv\Lib\site-packages\httpx\_client.py:1740 - HTTP Request: DELETE http://test/api/users/2 "HTTP/1.1 200 OK"
2026-04-08 09:50:36,632 - httpx - INFO - C:\Users\reeve\Documents\GitHub\math-buddy\.venv\Lib\site-packages\httpx\_client.py:1740 - HTTP Request: POST http://test/api/auth/login "HTTP/1.1 200 OK"
2026-04-08 09:50:36,639 - httpx - INFO - C:\Users\reeve\Documents\GitHub\math-buddy\.venv\Lib\site-packages\httpx\_client.py:1740 - HTTP Request: DELETE http://test/api/users/99999 "HTTP/1.1 403 Forbidden"
2026-04-08 09:50:37,417 - httpx - INFO - C:\Users\reeve\Documents\GitHub\math-buddy\.venv\Lib\site-packages\httpx\_client.py:1740 - HTTP Request: POST http://test/api/auth/login "HTTP/1.1 200 OK"
2026-04-08 09:50:37,425 - httpx - INFO - C:\Users\reeve\Documents\GitHub\math-buddy\.venv\Lib\site-packages\httpx\_client.py:1740 - HTTP Request: DELETE http://test/api/users/99999 "HTTP/1.1 404 Not Found"
2026-04-08 09:56:57,319 - root - INFO - C:\Users\reeve\Documents\Github\math-buddy\main.py:50 - MathBuddy API shutting down...
2026-04-08 09:57:19,417 - root - INFO - C:\Users\reeve\Documents\Github\math-buddy\main.py:46 - MathBuddy API starting up...
2026-04-08 09:57:19,428 - root - INFO - C:\Users\reeve\Documents\Github\math-buddy\main.py:48 - Database initialized
2026-04-08 09:58:07,356 - passlib.handlers.bcrypt - WARNING - C:\Users\reeve\Documents\Github\math-buddy\.venv\Lib\site-packages\passlib\handlers\bcrypt.py:622 - (trapped) error reading bcrypt version
Traceback (most recent call last):
  File "C:\Users\reeve\Documents\Github\math-buddy\.venv\Lib\site-packages\passlib\handlers\bcrypt.py", line 620, in _load_backend_mixin
    version = _bcrypt.__about__.__version__
              ^^^^^^^^^^^^^^^^^
AttributeError: module 'bcrypt' has no attribute '__about__'
2026-04-08 10:00:16,372 - root - INFO - C:\Users\reeve\Documents\Github\math-buddy\main.py:50 - MathBuddy API shutting down...
2026-04-08 10:00:18,694 - root - INFO - C:\Users\reeve\Documents\Github\math-buddy\main.py:55 - MathBuddy API starting up...
2026-04-08 10:00:18,704 - root - INFO - C:\Users\reeve\Documents\Github\math-buddy\main.py:57 - Database initialized
2026-04-08 10:01:16,663 - root - INFO - C:\Users\reeve\Documents\Github\math-buddy\main.py:59 - MathBuddy API shutting down...
2026-04-08 11:20:39,866 - httpx - INFO - C:\Users\reeve\Documents\GitHub\math-buddy\.venv\Lib\site-packages\httpx\_client.py:1740 - HTTP Request: POST http://test/api/auth/login "HTTP/1.1 200 OK"
2026-04-08 11:20:39,895 - httpx - INFO - C:\Users\reeve\Documents\GitHub\math-buddy\.venv\Lib\site-packages\httpx\_client.py:1740 - HTTP Request: POST http://test/api/practice/session "HTTP/1.1 201 Created"
2026-04-08 11:20:40,601 - httpx - INFO - C:\Users\reeve\Documents\GitHub\math-buddy\.venv\Lib\site-packages\httpx\_client.py:1740 - HTTP Request: POST http://test/api/auth/login "HTTP/1.1 200 OK"
2026-04-08 11:20:40,666 - httpx - INFO - C:\Users\reeve\Documents\GitHub\math-buddy\.venv\Lib\site-packages\httpx\_client.py:1740 - HTTP Request: POST http://test/api/practice/session/1/answer "HTTP/1.1 200 OK"
2026-04-08 11:20:41,549 - httpx - INFO - C:\Users\reeve\Documents\GitHub\math-buddy\.venv\Lib\site-packages\httpx\_client.py:1740 - HTTP Request: POST http://test/api/auth/login "HTTP/1.1 200 OK"
2026-04-08 11:20:41,612 - httpx - INFO - C:\Users\reeve\Documents\GitHub\math-buddy\.venv\Lib\site-packages\httpx\_client.py:1740 - HTTP Request: POST http://test/api/practice/session/1/answer "HTTP/1.1 200 OK"
2026-04-08 11:20:42,357 - httpx - INFO - C:\Users\reeve\Documents\GitHub\math-buddy\.venv\Lib\site-packages\httpx\_client.py:1740 - HTTP Request: POST http://test/api/auth/login "HTTP/1.1 200 OK"
2026-04-08 11:20:42,389 - httpx - INFO - C:\Users\reeve\Documents\GitHub\math-buddy\.venv\Lib\site-packages\httpx\_client.py:1740 - HTTP Request: GET http://test/api/practice/session/1/stats "HTTP/1.1 200 OK"
2026-04-08 11:20:43,150 - httpx - INFO - C:\Users\reeve\Documents\GitHub\math-buddy\.venv\Lib\site-packages\httpx\_client.py:1740 - HTTP Request: POST http://test/api/auth/login "HTTP/1.1 200 OK"
2026-04-08 11:20:43,164 - httpx - INFO - C:\Users\reeve\Documents\GitHub\math-buddy\.venv\Lib\site-packages\httpx\_client.py:1740 - HTTP Request: GET http://test/api/practice/session/99999/stats "HTTP/1.1 404 Not Found"
2026-04-08 11:25:13,441 - httpx - INFO - C:\Users\reeve\Documents\GitHub\math-buddy\.venv\Lib\site-packages\httpx\_client.py:1740 - HTTP Request: POST http://test/api/auth/login "HTTP/1.1 200 OK"
2026-04-08 11:25:13,456 - httpx - INFO - C:\Users\reeve\Documents\GitHub\math-buddy\.venv\Lib\site-packages\httpx\_client.py:1740 - HTTP Request: GET http://test/api/practice/problem?operation=addition "HTTP/1.1 200 OK"
2026-04-08 11:26:55,172 - root - INFO - C:\Users\reeve\Documents\Github\math-buddy\main.py:55 - MathBuddy API starting up...
2026-04-08 11:26:55,188 - root - INFO - C:\Users\reeve\Documents\Github\math-buddy\main.py:57 - Database initialized
2026-04-08 11:28:28,981 - root - INFO - C:\Users\reeve\Documents\Github\math-buddy\main.py:59 - MathBuddy API shutting down...
2026-04-08 11:28:48,306 - root - INFO - C:\Users\reeve\Documents\Github\math-buddy\main.py:55 - MathBuddy API starting up...
2026-04-08 11:28:48,319 - root - INFO - C:\Users\reeve\Documents\Github\math-buddy\main.py:57 - Database initialized
2026-04-08 11:37:25,955 - root - INFO - C:\Users\reeve\Documents\Github\math-buddy\main.py:55 - MathBuddy API starting up...
2026-04-08 11:37:25,968 - root - INFO - C:\Users\reeve\Documents\Github\math-buddy\main.py:57 - Database initialized
2026-04-08 11:40:01,123 - root - INFO - C:\Users\reeve\Documents\Github\math-buddy\main.py:59 - MathBuddy API shutting down...
2026-04-08 11:40:03,217 - root - INFO - C:\Users\reeve\Documents\Github\math-buddy\main.py:55 - MathBuddy API starting up...
2026-04-08 11:40:03,228 - root - INFO - C:\Users\reeve\Documents\Github\math-buddy\main.py:57 - Database initialized
2026-04-08 11:40:13,480 - root - INFO - C:\Users\reeve\Documents\Github\math-buddy\main.py:59 - MathBuddy API shutting down...
2026-04-08 11:40:14,123 - httpx - INFO - C:\Users\reeve\Documents\GitHub\math-buddy\.venv\Lib\site-packages\httpx\_client.py:1740 - HTTP Request: POST http://test/api/auth/login "HTTP/1.1 200 OK"
2026-04-08 11:40:14,157 - httpx - INFO - C:\Users\reeve\Documents\GitHub\math-buddy\.venv\Lib\site-packages\httpx\_client.py:1740 - HTTP Request: POST http://test/api/practice/session "HTTP/1.1 201 Created"
2026-04-08 11:40:15,064 - httpx - INFO - C:\Users\reeve\Documents\GitHub\math-buddy\.venv\Lib\site-packages\httpx\_client.py:1740 - HTTP Request: POST http://test/api/auth/login "HTTP/1.1 200 OK"
2026-04-08 11:40:15,135 - httpx - INFO - C:\Users\reeve\Documents\GitHub\math-buddy\.venv\Lib\site-packages\httpx\_client.py:1740 - HTTP Request: POST http://test/api/practice/session/1/answer "HTTP/1.1 200 OK"
2026-04-08 11:40:15,648 - root - INFO - C:\Users\reeve\Documents\Github\math-buddy\main.py:55 - MathBuddy API starting up...
2026-04-08 11:40:15,648 - root - INFO - C:\Users\reeve\Documents\Github\math-buddy\main.py:57 - Database initialized
2026-04-08 11:40:16,008 - httpx - INFO - C:\Users\reeve\Documents\GitHub\math-buddy\.venv\Lib\site-packages\httpx\_client.py:1740 - HTTP Request: POST http://test/api/auth/login "HTTP/1.1 200 OK"
2026-04-08 11:40:16,071 - httpx - INFO - C:\Users\reeve\Documents\GitHub\math-buddy\.venv\Lib\site-packages\httpx\_client.py:1740 - HTTP Request: POST http://test/api/practice/session/1/answer "HTTP/1.1 200 OK"
2026-04-08 11:40:16,795 - httpx - INFO - C:\Users\reeve\Documents\GitHub\math-buddy\.venv\Lib\site-packages\httpx\_client.py:1740 - HTTP Request: POST http://test/api/auth/login "HTTP/1.1 200 OK"
2026-04-08 11:40:16,837 - httpx - INFO - C:\Users\reeve\Documents\GitHub\math-buddy\.venv\Lib\site-packages\httpx\_client.py:1740 - HTTP Request: GET http://test/api/practice/session/1/stats "HTTP/1.1 200 OK"
2026-04-08 11:40:17,702 - httpx - INFO - C:\Users\reeve\Documents\GitHub\math-buddy\.venv\Lib\site-packages\httpx\_client.py:1740 - HTTP Request: POST http://test/api/auth/login "HTTP/1.1 200 OK"
2026-04-08 11:40:17,707 - httpx - INFO - C:\Users\reeve\Documents\GitHub\math-buddy\.venv\Lib\site-packages\httpx\_client.py:1740 - HTTP Request: GET http://test/api/practice/session/99999/stats "HTTP/1.1 404 Not Found"
2026-04-08 11:40:18,586 - httpx - INFO - C:\Users\reeve\Documents\GitHub\math-buddy\.venv\Lib\site-packages\httpx\_client.py:1740 - HTTP Request: POST http://test/api/auth/login "HTTP/1.1 200 OK"
2026-04-08 11:40:18,594 - app.services.practice_service - INFO - c:\Users\reeve\Documents\GitHub\math-buddy\app\services\practice_service.py:87 - [get_random_problem] operation_filter=addition, difficulty_filter=None, DB_problems_count=0, types=[]
2026-04-08 11:40:18,594 - app.services.practice_service - INFO - c:\Users\reeve\Documents\GitHub\math-buddy\app\services\practice_service.py:103 - [get_random_problem] generating new problem: op=addition, diff=hard
2026-04-08 11:40:18,596 - httpx - INFO - C:\Users\reeve\Documents\GitHub\math-buddy\.venv\Lib\site-packages\httpx\_client.py:1740 - HTTP Request: GET http://test/api/practice/problem?operation=addition "HTTP/1.1 200 OK"
2026-04-08 11:40:44,212 - root - INFO - C:\Users\reeve\Documents\Github\math-buddy\main.py:59 - MathBuddy API shutting down...
2026-04-08 11:40:54,277 - root - INFO - C:\Users\reeve\Documents\Github\math-buddy\main.py:55 - MathBuddy API starting up...
2026-04-08 11:40:54,295 - root - INFO - C:\Users\reeve\Documents\Github\math-buddy\main.py:57 - Database initialized
2026-04-08 11:42:09,290 - app.services.practice_service - INFO - C:\Users\reeve\Documents\Github\math-buddy\app\services\practice_service.py:87 - [get_random_problem] operation_filter=+, difficulty_filter=easy, DB_problems_count=0, types=[]
2026-04-08 11:42:09,291 - app.services.practice_service - INFO - C:\Users\reeve\Documents\Github\math-buddy\app\services\practice_service.py:103 - [get_random_problem] generating new problem: op=+, diff=easy
2026-04-08 11:43:23,646 - root - INFO - C:\Users\reeve\Documents\Github\math-buddy\main.py:59 - MathBuddy API shutting down...
2026-04-08 11:43:25,740 - root - INFO - C:\Users\reeve\Documents\Github\math-buddy\main.py:55 - MathBuddy API starting up...
2026-04-08 11:43:25,752 - root - INFO - C:\Users\reeve\Documents\Github\math-buddy\main.py:57 - Database initialized
2026-04-08 11:43:37,881 - httpx - INFO - C:\Users\reeve\Documents\GitHub\math-buddy\.venv\Lib\site-packages\httpx\_client.py:1740 - HTTP Request: POST http://test/api/auth/login "HTTP/1.1 200 OK"
2026-04-08 11:43:37,914 - httpx - INFO - C:\Users\reeve\Documents\GitHub\math-buddy\.venv\Lib\site-packages\httpx\_client.py:1740 - HTTP Request: POST http://test/api/practice/session "HTTP/1.1 201 Created"
2026-04-08 11:43:38,756 - httpx - INFO - C:\Users\reeve\Documents\GitHub\math-buddy\.venv\Lib\site-packages\httpx\_client.py:1740 - HTTP Request: POST http://test/api/auth/login "HTTP/1.1 200 OK"
2026-04-08 11:43:38,832 - httpx - INFO - C:\Users\reeve\Documents\GitHub\math-buddy\.venv\Lib\site-packages\httpx\_client.py:1740 - HTTP Request: POST http://test/api/practice/session/1/answer "HTTP/1.1 200 OK"
2026-04-08 11:43:39,766 - httpx - INFO - C:\Users\reeve\Documents\GitHub\math-buddy\.venv\Lib\site-packages\httpx\_client.py:1740 - HTTP Request: POST http://test/api/auth/login "HTTP/1.1 200 OK"
2026-04-08 11:43:39,824 - httpx - INFO - C:\Users\reeve\Documents\GitHub\math-buddy\.venv\Lib\site-packages\httpx\_client.py:1740 - HTTP Request: POST http://test/api/practice/session/1/answer "HTTP/1.1 200 OK"
2026-04-08 11:43:40,924 - httpx - INFO - C:\Users\reeve\Documents\GitHub\math-buddy\.venv\Lib\site-packages\httpx\_client.py:1740 - HTTP Request: POST http://test/api/auth/login "HTTP/1.1 200 OK"
2026-04-08 11:43:41,004 - httpx - INFO - C:\Users\reeve\Documents\GitHub\math-buddy\.venv\Lib\site-packages\httpx\_client.py:1740 - HTTP Request: GET http://test/api/practice/session/1/stats "HTTP/1.1 200 OK"
2026-04-08 11:43:41,852 - httpx - INFO - C:\Users\reeve\Documents\GitHub\math-buddy\.venv\Lib\site-packages\httpx\_client.py:1740 - HTTP Request: POST http://test/api/auth/login "HTTP/1.1 200 OK"
2026-04-08 11:43:41,860 - httpx - INFO - C:\Users\reeve\Documents\GitHub\math-buddy\.venv\Lib\site-packages\httpx\_client.py:1740 - HTTP Request: GET http://test/api/practice/session/99999/stats "HTTP/1.1 404 Not Found"
2026-04-08 11:43:42,780 - httpx - INFO - C:\Users\reeve\Documents\GitHub\math-buddy\.venv\Lib\site-packages\httpx\_client.py:1740 - HTTP Request: POST http://test/api/auth/login "HTTP/1.1 200 OK"
2026-04-08 11:43:42,788 - app.services.practice_service - INFO - c:\Users\reeve\Documents\GitHub\math-buddy\app\services\practice_service.py:95 - [get_random_problem] operation_filter=addition, difficulty_filter=None, DB_problems_count=0, types=[]
2026-04-08 11:43:42,789 - app.services.practice_service - INFO - c:\Users\reeve\Documents\GitHub\math-buddy\app\services\practice_service.py:111 - [get_random_problem] generating new problem: op=addition, diff=medium
2026-04-08 11:43:42,790 - httpx - INFO - C:\Users\reeve\Documents\GitHub\math-buddy\.venv\Lib\site-packages\httpx\_client.py:1740 - HTTP Request: GET http://test/api/practice/problem?operation=addition "HTTP/1.1 200 OK"
2026-04-08 11:43:43,682 - root - INFO - C:\Users\reeve\Documents\Github\math-buddy\main.py:59 - MathBuddy API shutting down...
2026-04-08 11:43:46,373 - root - INFO - C:\Users\reeve\Documents\Github\math-buddy\main.py:55 - MathBuddy API starting up...
2026-04-08 11:43:46,386 - root - INFO - C:\Users\reeve\Documents\Github\math-buddy\main.py:57 - Database initialized
2026-04-08 11:51:32,232 - root - INFO - C:\Users\reeve\Documents\Github\math-buddy\main.py:59 - MathBuddy API shutting down...
2026-04-08 11:51:37,070 - root - INFO - C:\Users\reeve\Documents\Github\math-buddy\main.py:55 - MathBuddy API starting up...
2026-04-08 11:51:37,092 - root - INFO - C:\Users\reeve\Documents\Github\math-buddy\main.py:57 - Database initialized
2026-04-08 11:51:51,971 - app.services.practice_service - INFO - C:\Users\reeve\Documents\Github\math-buddy\app\services\practice_service.py:95 - [get_random_problem] operation_filter=addition, difficulty_filter=easy, DB_problems_count=0, types=[]
2026-04-08 11:51:51,971 - app.services.practice_service - INFO - C:\Users\reeve\Documents\Github\math-buddy\app\services\practice_service.py:111 - [get_random_problem] generating new problem: op=addition, diff=easy
2026-04-08 11:53:35,622 - root - INFO - C:\Users\reeve\Documents\Github\math-buddy\main.py:59 - MathBuddy API shutting down...
2026-04-08 11:53:37,954 - root - INFO - C:\Users\reeve\Documents\Github\math-buddy\main.py:55 - MathBuddy API starting up...
2026-04-08 11:53:37,965 - root - INFO - C:\Users\reeve\Documents\Github\math-buddy\main.py:57 - Database initialized
2026-04-08 11:54:06,313 - root - INFO - C:\Users\reeve\Documents\Github\math-buddy\main.py:59 - MathBuddy API shutting down...
2026-04-08 11:54:08,019 - root - INFO - C:\Users\reeve\Documents\Github\math-buddy\main.py:55 - MathBuddy API starting up...
2026-04-08 11:54:08,024 - root - INFO - C:\Users\reeve\Documents\Github\math-buddy\main.py:57 - Database initialized
2026-04-08 11:56:02,746 - httpx - INFO - C:\Users\reeve\Documents\GitHub\math-buddy\.venv\Lib\site-packages\httpx\_client.py:1740 - HTTP Request: POST http://test/api/auth/login "HTTP/1.1 200 OK"
2026-04-08 11:56:02,775 - httpx - INFO - C:\Users\reeve\Documents\GitHub\math-buddy\.venv\Lib\site-packages\httpx\_client.py:1740 - HTTP Request: POST http://test/api/practice/session "HTTP/1.1 201 Created"
2026-04-08 11:56:03,601 - httpx - INFO - C:\Users\reeve\Documents\GitHub\math-buddy\.venv\Lib\site-packages\httpx\_client.py:1740 - HTTP Request: POST http://test/api/auth/login "HTTP/1.1 200 OK"
2026-04-08 11:56:03,639 - app.routers.practice - INFO - C:\Users\reeve\Documents\GitHub\math-buddy\app\routers\practice.py:33 - [submit_answer] session_id=1, data=problem_id=1 user_answer=4
2026-04-08 11:56:03,656 - httpx - INFO - C:\Users\reeve\Documents\GitHub\math-buddy\.venv\Lib\site-packages\httpx\_client.py:1740 - HTTP Request: POST http://test/api/practice/session/1/answer "HTTP/1.1 200 OK"
2026-04-08 11:56:04,469 - httpx - INFO - C:\Users\reeve\Documents\GitHub\math-buddy\.venv\Lib\site-packages\httpx\_client.py:1740 - HTTP Request: POST http://test/api/auth/login "HTTP/1.1 200 OK"
2026-04-08 11:56:04,516 - app.routers.practice - INFO - C:\Users\reeve\Documents\GitHub\math-buddy\app\routers\practice.py:33 - [submit_answer] session_id=1, data=problem_id=1 user_answer=99
2026-04-08 11:56:04,533 - httpx - INFO - C:\Users\reeve\Documents\GitHub\math-buddy\.venv\Lib\site-packages\httpx\_client.py:1740 - HTTP Request: POST http://test/api/practice/session/1/answer "HTTP/1.1 200 OK"
2026-04-08 11:56:05,301 - httpx - INFO - C:\Users\reeve\Documents\GitHub\math-buddy\.venv\Lib\site-packages\httpx\_client.py:1740 - HTTP Request: POST http://test/api/auth/login "HTTP/1.1 200 OK"
2026-04-08 11:56:05,360 - httpx - INFO - C:\Users\reeve\Documents\GitHub\math-buddy\.venv\Lib\site-packages\httpx\_client.py:1740 - HTTP Request: GET http://test/api/practice/session/1/stats "HTTP/1.1 200 OK"
2026-04-08 11:56:06,138 - httpx - INFO - C:\Users\reeve\Documents\GitHub\math-buddy\.venv\Lib\site-packages\httpx\_client.py:1740 - HTTP Request: POST http://test/api/auth/login "HTTP/1.1 200 OK"
2026-04-08 11:56:06,138 - httpx - INFO - C:\Users\reeve\Documents\GitHub\math-buddy\.venv\Lib\site-packages\httpx\_client.py:1740 - HTTP Request: GET http://test/api/practice/session/99999/stats "HTTP/1.1 404 Not Found"
2026-04-08 11:56:06,851 - httpx - INFO - C:\Users\reeve\Documents\GitHub\math-buddy\.venv\Lib\site-packages\httpx\_client.py:1740 - HTTP Request: POST http://test/api/auth/login "HTTP/1.1 200 OK"
2026-04-08 11:56:06,860 - app.services.practice_service - INFO - C:\Users\reeve\Documents\GitHub\math-buddy\app\services\practice_service.py:95 - [get_random_problem] operation_filter=addition, difficulty_filter=None, DB_problems_count=0, types=[]
2026-04-08 11:56:06,860 - app.services.practice_service - INFO - C:\Users\reeve\Documents\GitHub\math-buddy\app\services\practice_service.py:111 - [get_random_problem] generating new problem: op=addition, diff=medium
2026-04-08 11:56:06,862 - httpx - INFO - C:\Users\reeve\Documents\GitHub\math-buddy\.venv\Lib\site-packages\httpx\_client.py:1740 - HTTP Request: GET http://test/api/practice/problem?operation=addition "HTTP/1.1 200 OK"
2026-04-08 11:56:44,262 - root - INFO - C:\Users\reeve\Documents\Github\math-buddy\main.py:59 - MathBuddy API shutting down...
2026-04-08 11:56:49,448 - root - INFO - C:\Users\reeve\Documents\Github\math-buddy\main.py:55 - MathBuddy API starting up...
2026-04-08 11:56:49,458 - root - INFO - C:\Users\reeve\Documents\Github\math-buddy\main.py:57 - Database initialized
2026-04-08 11:57:02,611 - app.services.practice_service - INFO - C:\Users\reeve\Documents\Github\math-buddy\app\services\practice_service.py:95 - [get_random_problem] operation_filter=addition, difficulty_filter=easy, DB_problems_count=0, types=[]
2026-04-08 11:57:02,612 - app.services.practice_service - INFO - C:\Users\reeve\Documents\Github\math-buddy\app\services\practice_service.py:111 - [get_random_problem] generating new problem: op=addition, diff=easy
2026-04-08 12:05:40,963 - app.services.practice_service - INFO - C:\Users\reeve\Documents\Github\math-buddy\app\services\practice_service.py:95 - [get_random_problem] operation_filter=addition, difficulty_filter=easy, DB_problems_count=0, types=[]
2026-04-08 12:05:40,963 - app.services.practice_service - INFO - C:\Users\reeve\Documents\Github\math-buddy\app\services\practice_service.py:111 - [get_random_problem] generating new problem: op=addition, diff=easy
2026-04-08 12:07:15,416 - httpx - INFO - C:\Users\reeve\Documents\GitHub\math-buddy\.venv\Lib\site-packages\httpx\_client.py:1740 - HTTP Request: POST http://test/api/auth/login "HTTP/1.1 200 OK"
2026-04-08 12:07:15,451 - httpx - INFO - C:\Users\reeve\Documents\GitHub\math-buddy\.venv\Lib\site-packages\httpx\_client.py:1740 - HTTP Request: POST http://test/api/practice/session "HTTP/1.1 201 Created"
2026-04-08 12:07:16,213 - httpx - INFO - C:\Users\reeve\Documents\GitHub\math-buddy\.venv\Lib\site-packages\httpx\_client.py:1740 - HTTP Request: POST http://test/api/auth/login "HTTP/1.1 200 OK"
2026-04-08 12:07:16,276 - app.routers.practice - INFO - c:\Users\reeve\Documents\GitHub\math-buddy\app\routers\practice.py:33 - [submit_answer] session_id=1, data=problem_id=1 user_answer=4
2026-04-08 12:07:16,311 - httpx - INFO - C:\Users\reeve\Documents\GitHub\math-buddy\.venv\Lib\site-packages\httpx\_client.py:1740 - HTTP Request: POST http://test/api/practice/session/1/answer "HTTP/1.1 200 OK"
2026-04-08 12:07:17,171 - httpx - INFO - C:\Users\reeve\Documents\GitHub\math-buddy\.venv\Lib\site-packages\httpx\_client.py:1740 - HTTP Request: POST http://test/api/auth/login "HTTP/1.1 200 OK"
2026-04-08 12:07:17,202 - app.routers.practice - INFO - c:\Users\reeve\Documents\GitHub\math-buddy\app\routers\practice.py:33 - [submit_answer] session_id=1, data=problem_id=1 user_answer=99
2026-04-08 12:07:17,226 - httpx - INFO - C:\Users\reeve\Documents\GitHub\math-buddy\.venv\Lib\site-packages\httpx\_client.py:1740 - HTTP Request: POST http://test/api/practice/session/1/answer "HTTP/1.1 200 OK"
2026-04-08 12:07:17,941 - httpx - INFO - C:\Users\reeve\Documents\GitHub\math-buddy\.venv\Lib\site-packages\httpx\_client.py:1740 - HTTP Request: POST http://test/api/auth/login "HTTP/1.1 200 OK"
2026-04-08 12:07:17,985 - httpx - INFO - C:\Users\reeve\Documents\GitHub\math-buddy\.venv\Lib\site-packages\httpx\_client.py:1740 - HTTP Request: GET http://test/api/practice/session/1/stats "HTTP/1.1 200 OK"
2026-04-08 12:07:18,682 - httpx - INFO - C:\Users\reeve\Documents\GitHub\math-buddy\.venv\Lib\site-packages\httpx\_client.py:1740 - HTTP Request: POST http://test/api/auth/login "HTTP/1.1 200 OK"
2026-04-08 12:07:18,682 - httpx - INFO - C:\Users\reeve\Documents\GitHub\math-buddy\.venv\Lib\site-packages\httpx\_client.py:1740 - HTTP Request: GET http://test/api/practice/session/99999/stats "HTTP/1.1 404 Not Found"
2026-04-08 12:07:19,379 - httpx - INFO - C:\Users\reeve\Documents\GitHub\math-buddy\.venv\Lib\site-packages\httpx\_client.py:1740 - HTTP Request: POST http://test/api/auth/login "HTTP/1.1 200 OK"
2026-04-08 12:07:19,402 - app.services.practice_service - INFO - c:\Users\reeve\Documents\GitHub\math-buddy\app\services\practice_service.py:95 - [get_random_problem] operation_filter=addition, difficulty_filter=None, DB_problems_count=0, types=[]
2026-04-08 12:07:19,402 - app.services.practice_service - INFO - c:\Users\reeve\Documents\GitHub\math-buddy\app\services\practice_service.py:111 - [get_random_problem] generating new problem: op=addition, diff=hard
2026-04-08 12:07:19,416 - httpx - INFO - C:\Users\reeve\Documents\GitHub\math-buddy\.venv\Lib\site-packages\httpx\_client.py:1740 - HTTP Request: GET http://test/api/practice/problem?operation=addition "HTTP/1.1 200 OK"
2026-04-08 12:07:33,860 - root - INFO - C:\Users\reeve\Documents\Github\math-buddy\main.py:59 - MathBuddy API shutting down...
2026-04-08 12:07:35,844 - root - INFO - C:\Users\reeve\Documents\Github\math-buddy\main.py:55 - MathBuddy API starting up...
2026-04-08 12:07:35,854 - root - INFO - C:\Users\reeve\Documents\Github\math-buddy\main.py:57 - Database initialized
2026-04-08 12:07:40,525 - root - INFO - C:\Users\reeve\Documents\Github\math-buddy\main.py:55 - MathBuddy API starting up...
2026-04-08 12:07:40,537 - root - INFO - C:\Users\reeve\Documents\Github\math-buddy\main.py:57 - Database initialized
2026-04-08 12:07:56,844 - app.services.practice_service - INFO - C:\Users\reeve\Documents\Github\math-buddy\app\services\practice_service.py:95 - [get_random_problem] operation_filter=addition, difficulty_filter=easy, DB_problems_count=0, types=[]
2026-04-08 12:07:56,845 - app.services.practice_service - INFO - C:\Users\reeve\Documents\Github\math-buddy\app\services\practice_service.py:111 - [get_random_problem] generating new problem: op=addition, diff=easy
2026-04-08 12:07:59,681 - app.routers.practice - INFO - C:\Users\reeve\Documents\Github\math-buddy\app\routers\practice.py:33 - [submit_answer] session_id=9, data=problem_id=1 user_answer=12
2026-04-08 12:08:01,241 - app.services.practice_service - INFO - C:\Users\reeve\Documents\Github\math-buddy\app\services\practice_service.py:95 - [get_random_problem] operation_filter=addition, difficulty_filter=easy, DB_problems_count=1, types=['addition']
2026-04-08 12:08:01,241 - app.services.practice_service - INFO - C:\Users\reeve\Documents\Github\math-buddy\app\services\practice_service.py:103 - [get_random_problem] returning DB problem: addition - 4 + 8 = ?
2026-04-08 12:08:04,317 - app.routers.practice - INFO - C:\Users\reeve\Documents\Github\math-buddy\app\routers\practice.py:33 - [submit_answer] session_id=9, data=problem_id=1 user_answer=12
2026-04-08 12:08:05,871 - app.services.practice_service - INFO - C:\Users\reeve\Documents\Github\math-buddy\app\services\practice_service.py:95 - [get_random_problem] operation_filter=addition, difficulty_filter=easy, DB_problems_count=1, types=['addition']
2026-04-08 12:08:05,871 - app.services.practice_service - INFO - C:\Users\reeve\Documents\Github\math-buddy\app\services\practice_service.py:103 - [get_random_problem] returning DB problem: addition - 4 + 8 = ?
2026-04-08 12:08:07,541 - app.routers.practice - INFO - C:\Users\reeve\Documents\Github\math-buddy\app\routers\practice.py:33 - [submit_answer] session_id=9, data=problem_id=1 user_answer=12
2026-04-08 12:08:09,104 - app.services.practice_service - INFO - C:\Users\reeve\Documents\Github\math-buddy\app\services\practice_service.py:95 - [get_random_problem] operation_filter=addition, difficulty_filter=easy, DB_problems_count=1, types=['addition']
2026-04-08 12:08:09,104 - app.services.practice_service - INFO - C:\Users\reeve\Documents\Github\math-buddy\app\services\practice_service.py:103 - [get_random_problem] returning DB problem: addition - 4 + 8 = ?
2026-04-08 12:09:39,389 - httpx - INFO - C:\Users\reeve\Documents\GitHub\math-buddy\.venv\Lib\site-packages\httpx\_client.py:1740 - HTTP Request: POST http://test/api/auth/login "HTTP/1.1 200 OK"
2026-04-08 12:09:39,418 - httpx - INFO - C:\Users\reeve\Documents\GitHub\math-buddy\.venv\Lib\site-packages\httpx\_client.py:1740 - HTTP Request: POST http://test/api/practice/session "HTTP/1.1 201 Created"
2026-04-08 12:09:40,194 - httpx - INFO - C:\Users\reeve\Documents\GitHub\math-buddy\.venv\Lib\site-packages\httpx\_client.py:1740 - HTTP Request: POST http://test/api/auth/login "HTTP/1.1 200 OK"
2026-04-08 12:09:40,238 - app.routers.practice - INFO - c:\Users\reeve\Documents\GitHub\math-buddy\app\routers\practice.py:33 - [submit_answer] session_id=1, data=problem_id=1 user_answer=4
2026-04-08 12:09:40,258 - httpx - INFO - C:\Users\reeve\Documents\GitHub\math-buddy\.venv\Lib\site-packages\httpx\_client.py:1740 - HTTP Request: POST http://test/api/practice/session/1/answer "HTTP/1.1 200 OK"
2026-04-08 12:09:40,979 - httpx - INFO - C:\Users\reeve\Documents\GitHub\math-buddy\.venv\Lib\site-packages\httpx\_client.py:1740 - HTTP Request: POST http://test/api/auth/login "HTTP/1.1 200 OK"
2026-04-08 12:09:41,011 - app.routers.practice - INFO - c:\Users\reeve\Documents\GitHub\math-buddy\app\routers\practice.py:33 - [submit_answer] session_id=1, data=problem_id=1 user_answer=99
2026-04-08 12:09:41,033 - httpx - INFO - C:\Users\reeve\Documents\GitHub\math-buddy\.venv\Lib\site-packages\httpx\_client.py:1740 - HTTP Request: POST http://test/api/practice/session/1/answer "HTTP/1.1 200 OK"
2026-04-08 12:09:41,729 - httpx - INFO - C:\Users\reeve\Documents\GitHub\math-buddy\.venv\Lib\site-packages\httpx\_client.py:1740 - HTTP Request: POST http://test/api/auth/login "HTTP/1.1 200 OK"
2026-04-08 12:09:41,797 - httpx - INFO - C:\Users\reeve\Documents\GitHub\math-buddy\.venv\Lib\site-packages\httpx\_client.py:1740 - HTTP Request: GET http://test/api/practice/session/1/stats "HTTP/1.1 200 OK"
2026-04-08 12:09:42,626 - httpx - INFO - C:\Users\reeve\Documents\GitHub\math-buddy\.venv\Lib\site-packages\httpx\_client.py:1740 - HTTP Request: POST http://test/api/auth/login "HTTP/1.1 200 OK"
2026-04-08 12:09:42,626 - httpx - INFO - C:\Users\reeve\Documents\GitHub\math-buddy\.venv\Lib\site-packages\httpx\_client.py:1740 - HTTP Request: GET http://test/api/practice/session/99999/stats "HTTP/1.1 404 Not Found"
2026-04-08 12:09:43,385 - httpx - INFO - C:\Users\reeve\Documents\GitHub\math-buddy\.venv\Lib\site-packages\httpx\_client.py:1740 - HTTP Request: POST http://test/api/auth/login "HTTP/1.1 200 OK"
2026-04-08 12:09:43,400 - app.services.practice_service - INFO - c:\Users\reeve\Documents\GitHub\math-buddy\app\services\practice_service.py:88 - [get_random_problem] generating new problem: op=addition, diff=medium
2026-04-08 12:09:43,417 - httpx - INFO - C:\Users\reeve\Documents\GitHub\math-buddy\.venv\Lib\site-packages\httpx\_client.py:1740 - HTTP Request: GET http://test/api/practice/problem?operation=addition "HTTP/1.1 200 OK"
2026-04-08 12:10:07,982 - root - INFO - C:\Users\reeve\Documents\Github\math-buddy\main.py:59 - MathBuddy API shutting down...
2026-04-08 12:10:09,915 - root - INFO - C:\Users\reeve\Documents\Github\math-buddy\main.py:55 - MathBuddy API starting up...
2026-04-08 12:10:09,923 - root - INFO - C:\Users\reeve\Documents\Github\math-buddy\main.py:57 - Database initialized
2026-04-08 12:10:21,375 - root - INFO - C:\Users\reeve\Documents\Github\math-buddy\main.py:59 - MathBuddy API shutting down...
2026-04-08 12:10:25,458 - root - INFO - C:\Users\reeve\Documents\Github\math-buddy\main.py:55 - MathBuddy API starting up...
2026-04-08 12:10:25,474 - root - INFO - C:\Users\reeve\Documents\Github\math-buddy\main.py:57 - Database initialized
2026-04-08 12:10:34,693 - app.services.practice_service - INFO - C:\Users\reeve\Documents\Github\math-buddy\app\services\practice_service.py:88 - [get_random_problem] generating new problem: op=subtraction, diff=easy
2026-04-08 12:10:37,594 - app.routers.practice - INFO - C:\Users\reeve\Documents\Github\math-buddy\app\routers\practice.py:33 - [submit_answer] session_id=10, data=problem_id=2 user_answer=6
2026-04-08 12:10:39,176 - app.services.practice_service - INFO - C:\Users\reeve\Documents\Github\math-buddy\app\services\practice_service.py:88 - [get_random_problem] generating new problem: op=subtraction, diff=easy
2026-04-08 12:10:41,503 - app.routers.practice - INFO - C:\Users\reeve\Documents\Github\math-buddy\app\routers\practice.py:33 - [submit_answer] session_id=10, data=problem_id=3 user_answer=4
2026-04-08 12:10:43,073 - app.services.practice_service - INFO - C:\Users\reeve\Documents\Github\math-buddy\app\services\practice_service.py:88 - [get_random_problem] generating new problem: op=subtraction, diff=easy
2026-04-08 12:10:47,055 - app.routers.practice - INFO - C:\Users\reeve\Documents\Github\math-buddy\app\routers\practice.py:33 - [submit_answer] session_id=10, data=problem_id=4 user_answer=2
2026-04-08 12:10:48,609 - app.services.practice_service - INFO - C:\Users\reeve\Documents\Github\math-buddy\app\services\practice_service.py:88 - [get_random_problem] generating new problem: op=subtraction, diff=easy
2026-04-08 12:10:50,899 - app.routers.practice - INFO - C:\Users\reeve\Documents\Github\math-buddy\app\routers\practice.py:33 - [submit_answer] session_id=10, data=problem_id=5 user_answer=7
2026-04-08 12:10:52,464 - app.services.practice_service - INFO - C:\Users\reeve\Documents\Github\math-buddy\app\services\practice_service.py:88 - [get_random_problem] generating new problem: op=subtraction, diff=easy
2026-04-08 12:10:54,046 - app.routers.practice - INFO - C:\Users\reeve\Documents\Github\math-buddy\app\routers\practice.py:33 - [submit_answer] session_id=10, data=problem_id=6 user_answer=3
2026-04-08 12:10:55,616 - app.services.practice_service - INFO - C:\Users\reeve\Documents\Github\math-buddy\app\services\practice_service.py:88 - [get_random_problem] generating new problem: op=subtraction, diff=easy
2026-04-08 12:10:57,318 - app.routers.practice - INFO - C:\Users\reeve\Documents\Github\math-buddy\app\routers\practice.py:33 - [submit_answer] session_id=10, data=problem_id=7 user_answer=1
2026-04-08 12:10:58,872 - app.services.practice_service - INFO - C:\Users\reeve\Documents\Github\math-buddy\app\services\practice_service.py:88 - [get_random_problem] generating new problem: op=subtraction, diff=easy
2026-04-08 12:11:01,127 - app.routers.practice - INFO - C:\Users\reeve\Documents\Github\math-buddy\app\routers\practice.py:33 - [submit_answer] session_id=10, data=problem_id=8 user_answer=6
2026-04-08 12:11:02,690 - app.services.practice_service - INFO - C:\Users\reeve\Documents\Github\math-buddy\app\services\practice_service.py:88 - [get_random_problem] generating new problem: op=subtraction, diff=easy
2026-04-08 12:11:04,379 - app.routers.practice - INFO - C:\Users\reeve\Documents\Github\math-buddy\app\routers\practice.py:33 - [submit_answer] session_id=10, data=problem_id=9 user_answer=6
2026-04-08 12:11:05,960 - app.services.practice_service - INFO - C:\Users\reeve\Documents\Github\math-buddy\app\services\practice_service.py:88 - [get_random_problem] generating new problem: op=subtraction, diff=easy
2026-04-08 12:11:07,964 - app.routers.practice - INFO - C:\Users\reeve\Documents\Github\math-buddy\app\routers\practice.py:33 - [submit_answer] session_id=10, data=problem_id=10 user_answer=4
2026-04-08 12:11:09,551 - app.services.practice_service - INFO - C:\Users\reeve\Documents\Github\math-buddy\app\services\practice_service.py:88 - [get_random_problem] generating new problem: op=subtraction, diff=easy
2026-04-08 12:11:12,232 - app.routers.practice - INFO - C:\Users\reeve\Documents\Github\math-buddy\app\routers\practice.py:33 - [submit_answer] session_id=10, data=problem_id=11 user_answer=7
2026-04-08 12:16:41,684 - root - INFO - C:\Users\reeve\Documents\Github\math-buddy\main.py:59 - MathBuddy API shutting down...
2026-04-08 14:15:45,724 - root - INFO - C:\Users\reeve\Documents\Github\math-buddy\main.py:55 - MathBuddy API starting up...
2026-04-08 14:15:45,760 - root - INFO - C:\Users\reeve\Documents\Github\math-buddy\main.py:57 - Database initialized
2026-04-08 14:16:05,730 - app.services.practice_service - INFO - C:\Users\reeve\Documents\Github\math-buddy\app\services\practice_service.py:88 - [get_random_problem] generating new problem: op=multiplication, diff=easy
2026-04-08 14:16:08,176 - app.routers.practice - INFO - C:\Users\reeve\Documents\Github\math-buddy\app\routers\practice.py:33 - [submit_answer] session_id=11, data=problem_id=12 user_answer=11
2026-04-08 14:16:09,777 - app.services.practice_service - INFO - C:\Users\reeve\Documents\Github\math-buddy\app\services\practice_service.py:88 - [get_random_problem] generating new problem: op=multiplication, diff=easy
2026-04-08 14:16:12,871 - app.routers.practice - INFO - C:\Users\reeve\Documents\Github\math-buddy\app\routers\practice.py:33 - [submit_answer] session_id=11, data=problem_id=13 user_answer=7
2026-04-08 14:16:13,964 - app.routers.practice - INFO - C:\Users\reeve\Documents\Github\math-buddy\app\routers\practice.py:33 - [submit_answer] session_id=11, data=problem_id=13 user_answer=7
2026-04-08 14:16:14,430 - app.services.practice_service - INFO - C:\Users\reeve\Documents\Github\math-buddy\app\services\practice_service.py:88 - [get_random_problem] generating new problem: op=multiplication, diff=easy
2026-04-08 14:16:15,546 - app.services.practice_service - INFO - C:\Users\reeve\Documents\Github\math-buddy\app\services\practice_service.py:88 - [get_random_problem] generating new problem: op=multiplication, diff=easy
2026-04-08 14:16:16,582 - app.routers.practice - INFO - C:\Users\reeve\Documents\Github\math-buddy\app\routers\practice.py:33 - [submit_answer] session_id=11, data=problem_id=15 user_answer=5
2026-04-08 14:16:18,155 - app.services.practice_service - INFO - C:\Users\reeve\Documents\Github\math-buddy\app\services\practice_service.py:88 - [get_random_problem] generating new problem: op=multiplication, diff=easy
2026-04-08 14:16:20,448 - app.routers.practice - INFO - C:\Users\reeve\Documents\Github\math-buddy\app\routers\practice.py:33 - [submit_answer] session_id=11, data=problem_id=16 user_answer=8
2026-04-08 14:16:22,008 - app.services.practice_service - INFO - C:\Users\reeve\Documents\Github\math-buddy\app\services\practice_service.py:88 - [get_random_problem] generating new problem: op=multiplication, diff=easy
2026-04-08 14:16:23,633 - app.routers.practice - INFO - C:\Users\reeve\Documents\Github\math-buddy\app\routers\practice.py:33 - [submit_answer] session_id=11, data=problem_id=17 user_answer=1
2026-04-08 14:16:25,209 - app.services.practice_service - INFO - C:\Users\reeve\Documents\Github\math-buddy\app\services\practice_service.py:88 - [get_random_problem] generating new problem: op=multiplication, diff=easy
2026-04-08 14:16:27,219 - app.routers.practice - INFO - C:\Users\reeve\Documents\Github\math-buddy\app\routers\practice.py:33 - [submit_answer] session_id=11, data=problem_id=18 user_answer=16
2026-04-08 14:16:28,796 - app.services.practice_service - INFO - C:\Users\reeve\Documents\Github\math-buddy\app\services\practice_service.py:88 - [get_random_problem] generating new problem: op=multiplication, diff=easy
2026-04-08 14:16:32,459 - app.routers.practice - INFO - C:\Users\reeve\Documents\Github\math-buddy\app\routers\practice.py:33 - [submit_answer] session_id=11, data=problem_id=19 user_answer=15
2026-04-08 14:16:34,034 - app.services.practice_service - INFO - C:\Users\reeve\Documents\Github\math-buddy\app\services\practice_service.py:88 - [get_random_problem] generating new problem: op=multiplication, diff=easy
2026-04-08 14:16:36,841 - app.routers.practice - INFO - C:\Users\reeve\Documents\Github\math-buddy\app\routers\practice.py:33 - [submit_answer] session_id=11, data=problem_id=20 user_answer=32
2026-04-08 14:16:38,429 - app.services.practice_service - INFO - C:\Users\reeve\Documents\Github\math-buddy\app\services\practice_service.py:88 - [get_random_problem] generating new problem: op=multiplication, diff=easy
2026-04-08 14:16:47,570 - app.routers.practice - INFO - C:\Users\reeve\Documents\Github\math-buddy\app\routers\practice.py:33 - [submit_answer] session_id=11, data=problem_id=21 user_answer=24
2026-04-08 14:16:52,229 - app.routers.practice - INFO - C:\Users\reeve\Documents\Github\math-buddy\app\routers\practice.py:33 - [submit_answer] session_id=11, data=problem_id=21 user_answer=24
2026-04-08 14:16:54,246 - app.routers.practice - INFO - C:\Users\reeve\Documents\Github\math-buddy\app\routers\practice.py:33 - [submit_answer] session_id=11, data=problem_id=21 user_answer=24
2026-04-08 14:16:55,122 - app.routers.practice - INFO - C:\Users\reeve\Documents\Github\math-buddy\app\routers\practice.py:33 - [submit_answer] session_id=11, data=problem_id=21 user_answer=24
2026-04-08 14:16:55,912 - app.routers.practice - INFO - C:\Users\reeve\Documents\Github\math-buddy\app\routers\practice.py:33 - [submit_answer] session_id=11, data=problem_id=21 user_answer=24
2026-04-08 14:16:56,249 - app.routers.practice - INFO - C:\Users\reeve\Documents\Github\math-buddy\app\routers\practice.py:33 - [submit_answer] session_id=11, data=problem_id=21 user_answer=24
2026-04-08 14:17:00,742 - app.routers.practice - INFO - C:\Users\reeve\Documents\Github\math-buddy\app\routers\practice.py:33 - [submit_answer] session_id=11, data=problem_id=21 user_answer=24
2026-04-08 14:17:01,187 - app.routers.practice - INFO - C:\Users\reeve\Documents\Github\math-buddy\app\routers\practice.py:33 - [submit_answer] session_id=11, data=problem_id=21 user_answer=24
2026-04-08 14:17:01,413 - app.routers.practice - INFO - C:\Users\reeve\Documents\Github\math-buddy\app\routers\practice.py:33 - [submit_answer] session_id=11, data=problem_id=21 user_answer=24
2026-04-08 14:17:01,612 - app.routers.practice - INFO - C:\Users\reeve\Documents\Github\math-buddy\app\routers\practice.py:33 - [submit_answer] session_id=11, data=problem_id=21 user_answer=24
2026-04-08 14:17:01,797 - app.routers.practice - INFO - C:\Users\reeve\Documents\Github\math-buddy\app\routers\practice.py:33 - [submit_answer] session_id=11, data=problem_id=21 user_answer=24
2026-04-08 14:17:01,993 - app.routers.practice - INFO - C:\Users\reeve\Documents\Github\math-buddy\app\routers\practice.py:33 - [submit_answer] session_id=11, data=problem_id=21 user_answer=24
2026-04-08 14:17:02,197 - app.routers.practice - INFO - C:\Users\reeve\Documents\Github\math-buddy\app\routers\practice.py:33 - [submit_answer] session_id=11, data=problem_id=21 user_answer=24
2026-04-08 14:17:02,405 - app.routers.practice - INFO - C:\Users\reeve\Documents\Github\math-buddy\app\routers\practice.py:33 - [submit_answer] session_id=11, data=problem_id=21 user_answer=24
2026-04-08 14:17:02,585 - app.routers.practice - INFO - C:\Users\reeve\Documents\Github\math-buddy\app\routers\practice.py:33 - [submit_answer] session_id=11, data=problem_id=21 user_answer=24
2026-04-08 14:25:38,763 - root - INFO - C:\Users\reeve\Documents\Github\math-buddy\main.py:59 - MathBuddy API shutting down...
2026-04-08 14:25:48,186 - root - INFO - C:\Users\reeve\Documents\Github\math-buddy\main.py:55 - MathBuddy API starting up...
2026-04-08 14:25:48,198 - root - INFO - C:\Users\reeve\Documents\Github\math-buddy\main.py:57 - Database initialized
2026-04-08 14:26:06,651 - app.services.practice_service - INFO - C:\Users\reeve\Documents\Github\math-buddy\app\services\practice_service.py:88 - [get_random_problem] generating new problem: op=addition, diff=easy
2026-04-08 14:26:10,364 - app.routers.practice - INFO - C:\Users\reeve\Documents\Github\math-buddy\app\routers\practice.py:33 - [submit_answer] session_id=12, data=problem_id=22 user_answer=12
2026-04-08 14:26:11,360 - app.routers.practice - INFO - C:\Users\reeve\Documents\Github\math-buddy\app\routers\practice.py:33 - [submit_answer] session_id=12, data=problem_id=22 user_answer=12
2026-04-08 14:26:11,955 - app.services.practice_service - INFO - C:\Users\reeve\Documents\Github\math-buddy\app\services\practice_service.py:88 - [get_random_problem] generating new problem: op=addition, diff=easy
2026-04-08 14:26:12,946 - app.services.practice_service - INFO - C:\Users\reeve\Documents\Github\math-buddy\app\services\practice_service.py:88 - [get_random_problem] generating new problem: op=addition, diff=easy
2026-04-08 14:26:27,751 - app.routers.practice - INFO - C:\Users\reeve\Documents\Github\math-buddy\app\routers\practice.py:33 - [submit_answer] session_id=12, data=problem_id=24 user_answer=11
2026-04-08 14:26:29,334 - app.services.practice_service - INFO - C:\Users\reeve\Documents\Github\math-buddy\app\services\practice_service.py:88 - [get_random_problem] generating new problem: op=addition, diff=easy
2026-04-08 14:26:34,853 - app.routers.practice - INFO - C:\Users\reeve\Documents\Github\math-buddy\app\routers\practice.py:33 - [submit_answer] session_id=12, data=problem_id=25 user_answer=7
2026-04-08 14:26:36,423 - app.services.practice_service - INFO - C:\Users\reeve\Documents\Github\math-buddy\app\services\practice_service.py:88 - [get_random_problem] generating new problem: op=addition, diff=easy
2026-04-08 14:26:40,570 - app.routers.practice - INFO - C:\Users\reeve\Documents\Github\math-buddy\app\routers\practice.py:33 - [submit_answer] session_id=12, data=problem_id=26 user_answer=6
2026-04-08 14:26:42,143 - app.services.practice_service - INFO - C:\Users\reeve\Documents\Github\math-buddy\app\services\practice_service.py:88 - [get_random_problem] generating new problem: op=addition, diff=easy
2026-04-08 14:26:46,418 - app.routers.practice - INFO - C:\Users\reeve\Documents\Github\math-buddy\app\routers\practice.py:33 - [submit_answer] session_id=12, data=problem_id=27 user_answer=7
2026-04-08 14:26:46,879 - app.routers.practice - INFO - C:\Users\reeve\Documents\Github\math-buddy\app\routers\practice.py:33 - [submit_answer] session_id=12, data=problem_id=27 user_answer=7
2026-04-08 14:26:47,793 - app.routers.practice - INFO - C:\Users\reeve\Documents\Github\math-buddy\app\routers\practice.py:33 - [submit_answer] session_id=12, data=problem_id=27 user_answer=7
2026-04-08 14:26:47,983 - app.services.practice_service - INFO - C:\Users\reeve\Documents\Github\math-buddy\app\services\practice_service.py:88 - [get_random_problem] generating new problem: op=addition, diff=easy
2026-04-08 14:26:48,451 - app.services.practice_service - INFO - C:\Users\reeve\Documents\Github\math-buddy\app\services\practice_service.py:88 - [get_random_problem] generating new problem: op=addition, diff=easy
2026-04-08 14:26:49,335 - app.services.practice_service - INFO - C:\Users\reeve\Documents\Github\math-buddy\app\services\practice_service.py:88 - [get_random_problem] generating new problem: op=addition, diff=easy
2026-04-08 14:26:52,472 - app.routers.practice - INFO - C:\Users\reeve\Documents\Github\math-buddy\app\routers\practice.py:33 - [submit_answer] session_id=12, data=problem_id=30 user_answer=4
2026-04-08 14:26:54,024 - app.services.practice_service - INFO - C:\Users\reeve\Documents\Github\math-buddy\app\services\practice_service.py:88 - [get_random_problem] generating new problem: op=addition, diff=easy
2026-04-08 14:26:56,462 - app.routers.practice - INFO - C:\Users\reeve\Documents\Github\math-buddy\app\routers\practice.py:33 - [submit_answer] session_id=12, data=problem_id=31 user_answer=8
2026-04-08 14:26:57,587 - app.routers.practice - INFO - C:\Users\reeve\Documents\Github\math-buddy\app\routers\practice.py:33 - [submit_answer] session_id=12, data=problem_id=31 user_answer=8
2026-04-08 14:27:00,768 - app.routers.practice - INFO - C:\Users\reeve\Documents\Github\math-buddy\app\routers\practice.py:33 - [submit_answer] session_id=12, data=problem_id=31 user_answer=8
2026-04-08 14:27:01,558 - app.routers.practice - INFO - C:\Users\reeve\Documents\Github\math-buddy\app\routers\practice.py:33 - [submit_answer] session_id=12, data=problem_id=31 user_answer=8
2026-04-08 14:27:06,032 - app.routers.practice - INFO - C:\Users\reeve\Documents\Github\math-buddy\app\routers\practice.py:33 - [submit_answer] session_id=12, data=problem_id=31 user_answer=7
2026-04-08 14:29:33,927 - root - INFO - C:\Users\reeve\Documents\Github\math-buddy\main.py:59 - MathBuddy API shutting down...
2026-04-08 14:29:38,347 - root - INFO - C:\Users\reeve\Documents\Github\math-buddy\main.py:55 - MathBuddy API starting up...
2026-04-08 14:29:38,358 - root - INFO - C:\Users\reeve\Documents\Github\math-buddy\main.py:57 - Database initialized
2026-04-08 14:29:45,679 - app.services.practice_service - INFO - C:\Users\reeve\Documents\Github\math-buddy\app\services\practice_service.py:88 - [get_random_problem] generating new problem: op=addition, diff=easy
2026-04-08 14:29:51,546 - app.routers.practice - INFO - C:\Users\reeve\Documents\Github\math-buddy\app\routers\practice.py:33 - [submit_answer] session_id=13, data=problem_id=32 user_answer=9
2026-04-08 14:29:53,119 - app.services.practice_service - INFO - C:\Users\reeve\Documents\Github\math-buddy\app\services\practice_service.py:88 - [get_random_problem] generating new problem: op=addition, diff=easy
2026-04-08 14:29:57,115 - app.routers.practice - INFO - C:\Users\reeve\Documents\Github\math-buddy\app\routers\practice.py:33 - [submit_answer] session_id=13, data=problem_id=33 user_answer=16
2026-04-08 14:29:58,660 - app.services.practice_service - INFO - C:\Users\reeve\Documents\Github\math-buddy\app\services\practice_service.py:88 - [get_random_problem] generating new problem: op=addition, diff=easy
2026-04-08 14:30:04,740 - app.routers.practice - INFO - C:\Users\reeve\Documents\Github\math-buddy\app\routers\practice.py:33 - [submit_answer] session_id=13, data=problem_id=34 user_answer=16
2026-04-08 14:30:06,289 - app.services.practice_service - INFO - C:\Users\reeve\Documents\Github\math-buddy\app\services\practice_service.py:88 - [get_random_problem] generating new problem: op=addition, diff=easy
2026-04-08 14:30:09,175 - app.routers.practice - INFO - C:\Users\reeve\Documents\Github\math-buddy\app\routers\practice.py:33 - [submit_answer] session_id=13, data=problem_id=35 user_answer=10
2026-04-08 14:30:10,748 - app.services.practice_service - INFO - C:\Users\reeve\Documents\Github\math-buddy\app\services\practice_service.py:88 - [get_random_problem] generating new problem: op=addition, diff=easy
2026-04-08 14:30:12,409 - app.routers.practice - INFO - C:\Users\reeve\Documents\Github\math-buddy\app\routers\practice.py:33 - [submit_answer] session_id=13, data=problem_id=36 user_answer=6
2026-04-08 14:30:13,959 - app.services.practice_service - INFO - C:\Users\reeve\Documents\Github\math-buddy\app\services\practice_service.py:88 - [get_random_problem] generating new problem: op=addition, diff=easy
2026-04-08 14:30:15,612 - app.routers.practice - INFO - C:\Users\reeve\Documents\Github\math-buddy\app\routers\practice.py:33 - [submit_answer] session_id=13, data=problem_id=37 user_answer=11
2026-04-08 14:30:17,185 - app.services.practice_service - INFO - C:\Users\reeve\Documents\Github\math-buddy\app\services\practice_service.py:88 - [get_random_problem] generating new problem: op=addition, diff=easy
2026-04-08 14:30:18,671 - app.routers.practice - INFO - C:\Users\reeve\Documents\Github\math-buddy\app\routers\practice.py:33 - [submit_answer] session_id=13, data=problem_id=38 user_answer=4
2026-04-08 14:30:20,244 - app.services.practice_service - INFO - C:\Users\reeve\Documents\Github\math-buddy\app\services\practice_service.py:88 - [get_random_problem] generating new problem: op=addition, diff=easy
2026-04-08 14:30:22,126 - app.routers.practice - INFO - C:\Users\reeve\Documents\Github\math-buddy\app\routers\practice.py:33 - [submit_answer] session_id=13, data=problem_id=39 user_answer=11
2026-04-08 14:30:23,696 - app.services.practice_service - INFO - C:\Users\reeve\Documents\Github\math-buddy\app\services\practice_service.py:88 - [get_random_problem] generating new problem: op=addition, diff=easy
2026-04-08 14:30:25,761 - app.routers.practice - INFO - C:\Users\reeve\Documents\Github\math-buddy\app\routers\practice.py:33 - [submit_answer] session_id=13, data=problem_id=40 user_answer=10
2026-04-08 14:30:27,339 - app.services.practice_service - INFO - C:\Users\reeve\Documents\Github\math-buddy\app\services\practice_service.py:88 - [get_random_problem] generating new problem: op=addition, diff=easy
2026-04-08 14:30:29,336 - app.routers.practice - INFO - C:\Users\reeve\Documents\Github\math-buddy\app\routers\practice.py:33 - [submit_answer] session_id=13, data=problem_id=41 user_answer=18
2026-04-08 14:37:54,301 - root - INFO - C:\Users\reeve\Documents\Github\math-buddy\main.py:59 - MathBuddy API shutting down...
2026-04-08 14:37:58,662 - root - INFO - C:\Users\reeve\Documents\Github\math-buddy\main.py:55 - MathBuddy API starting up...
2026-04-08 14:37:58,678 - root - INFO - C:\Users\reeve\Documents\Github\math-buddy\main.py:57 - Database initialized
2026-04-08 14:38:10,547 - app.services.practice_service - INFO - C:\Users\reeve\Documents\Github\math-buddy\app\services\practice_service.py:88 - [get_random_problem] generating new problem: op=multiplication, diff=easy
2026-04-08 14:38:14,633 - app.routers.practice - INFO - C:\Users\reeve\Documents\Github\math-buddy\app\routers\practice.py:33 - [submit_answer] session_id=14, data=problem_id=42 user_answer=36
2026-04-08 14:38:19,960 - app.routers.practice - INFO - C:\Users\reeve\Documents\Github\math-buddy\app\routers\practice.py:33 - [submit_answer] session_id=14, data=problem_id=42 user_answer=36
2026-04-08 14:38:36,815 - app.routers.practice - INFO - C:\Users\reeve\Documents\Github\math-buddy\app\routers\practice.py:33 - [submit_answer] session_id=14, data=problem_id=42 user_answer=36
2026-04-08 15:42:29,494 - root - INFO - C:\Users\reeve\Documents\Github\math-buddy\main.py:55 - MathBuddy API starting up...
2026-04-08 15:42:29,506 - root - INFO - C:\Users\reeve\Documents\Github\math-buddy\main.py:57 - Database initialized
2026-04-08 15:42:57,161 - app.services.practice_service - INFO - C:\Users\reeve\Documents\Github\math-buddy\app\services\practice_service.py:88 - [get_random_problem] generating new problem: op=addition, diff=easy
2026-04-08 15:43:00,648 - app.routers.practice - INFO - C:\Users\reeve\Documents\Github\math-buddy\app\routers\practice.py:33 - [submit_answer] session_id=15, data=problem_id=43 user_answer=8
2026-04-08 15:43:02,227 - app.services.practice_service - INFO - C:\Users\reeve\Documents\Github\math-buddy\app\services\practice_service.py:88 - [get_random_problem] generating new problem: op=addition, diff=easy
2026-04-08 15:43:04,372 - app.routers.practice - INFO - C:\Users\reeve\Documents\Github\math-buddy\app\routers\practice.py:33 - [submit_answer] session_id=15, data=problem_id=44 user_answer=8
2026-04-08 15:43:05,950 - app.services.practice_service - INFO - C:\Users\reeve\Documents\Github\math-buddy\app\services\practice_service.py:88 - [get_random_problem] generating new problem: op=addition, diff=easy
2026-04-08 15:43:11,074 - app.routers.practice - INFO - C:\Users\reeve\Documents\Github\math-buddy\app\routers\practice.py:33 - [submit_answer] session_id=15, data=problem_id=45 user_answer=12
2026-04-08 15:43:12,631 - app.services.practice_service - INFO - C:\Users\reeve\Documents\Github\math-buddy\app\services\practice_service.py:88 - [get_random_problem] generating new problem: op=addition, diff=easy
2026-04-08 15:43:14,272 - app.routers.practice - INFO - C:\Users\reeve\Documents\Github\math-buddy\app\routers\practice.py:33 - [submit_answer] session_id=15, data=problem_id=46 user_answer=11
2026-04-08 15:43:15,840 - app.services.practice_service - INFO - C:\Users\reeve\Documents\Github\math-buddy\app\services\practice_service.py:88 - [get_random_problem] generating new problem: op=addition, diff=easy
2026-04-08 15:43:17,373 - app.routers.practice - INFO - C:\Users\reeve\Documents\Github\math-buddy\app\routers\practice.py:33 - [submit_answer] session_id=15, data=problem_id=47 user_answer=4
2026-04-08 15:43:18,934 - app.services.practice_service - INFO - C:\Users\reeve\Documents\Github\math-buddy\app\services\practice_service.py:88 - [get_random_problem] generating new problem: op=addition, diff=easy
2026-04-08 15:43:21,361 - app.routers.practice - INFO - C:\Users\reeve\Documents\Github\math-buddy\app\routers\practice.py:33 - [submit_answer] session_id=15, data=problem_id=48 user_answer=11
2026-04-08 15:43:22,923 - app.services.practice_service - INFO - C:\Users\reeve\Documents\Github\math-buddy\app\services\practice_service.py:88 - [get_random_problem] generating new problem: op=addition, diff=easy
2026-04-08 15:43:24,579 - app.routers.practice - INFO - C:\Users\reeve\Documents\Github\math-buddy\app\routers\practice.py:33 - [submit_answer] session_id=15, data=problem_id=49 user_answer=2
2026-04-08 15:43:26,144 - app.services.practice_service - INFO - C:\Users\reeve\Documents\Github\math-buddy\app\services\practice_service.py:88 - [get_random_problem] generating new problem: op=addition, diff=easy
2026-04-08 15:43:28,489 - app.routers.practice - INFO - C:\Users\reeve\Documents\Github\math-buddy\app\routers\practice.py:33 - [submit_answer] session_id=15, data=problem_id=50 user_answer=4
2026-04-08 15:43:30,063 - app.services.practice_service - INFO - C:\Users\reeve\Documents\Github\math-buddy\app\services\practice_service.py:88 - [get_random_problem] generating new problem: op=addition, diff=easy
2026-04-08 15:43:32,111 - app.routers.practice - INFO - C:\Users\reeve\Documents\Github\math-buddy\app\routers\practice.py:33 - [submit_answer] session_id=15, data=problem_id=51 user_answer=5
2026-04-08 15:43:33,679 - app.services.practice_service - INFO - C:\Users\reeve\Documents\Github\math-buddy\app\services\practice_service.py:88 - [get_random_problem] generating new problem: op=addition, diff=easy
2026-04-08 15:43:37,576 - app.routers.practice - INFO - C:\Users\reeve\Documents\Github\math-buddy\app\routers\practice.py:33 - [submit_answer] session_id=15, data=problem_id=52 user_answer=4
2026-04-08 15:43:53,084 - app.services.practice_service - INFO - C:\Users\reeve\Documents\Github\math-buddy\app\services\practice_service.py:88 - [get_random_problem] generating new problem: op=division, diff=easy
2026-04-09 09:08:17,423 - httpx - INFO - /home/reeve/.local/lib/python3.13/site-packages/httpx/_client.py:1740 - HTTP Request: POST http://test/api/auth/register "HTTP/1.1 200 OK"
2026-04-09 09:08:17,729 - httpx - INFO - /home/reeve/.local/lib/python3.13/site-packages/httpx/_client.py:1740 - HTTP Request: POST http://test/api/auth/register "HTTP/1.1 400 Bad Request"
2026-04-09 09:08:18,321 - httpx - INFO - /home/reeve/.local/lib/python3.13/site-packages/httpx/_client.py:1740 - HTTP Request: POST http://test/api/auth/login "HTTP/1.1 200 OK"
2026-04-09 09:08:18,912 - httpx - INFO - /home/reeve/.local/lib/python3.13/site-packages/httpx/_client.py:1740 - HTTP Request: POST http://test/api/auth/login "HTTP/1.1 401 Unauthorized"
2026-04-09 09:08:19,503 - httpx - INFO - /home/reeve/.local/lib/python3.13/site-packages/httpx/_client.py:1740 - HTTP Request: POST http://test/api/auth/login "HTTP/1.1 200 OK"
2026-04-09 09:08:19,508 - httpx - INFO - /home/reeve/.local/lib/python3.13/site-packages/httpx/_client.py:1740 - HTTP Request: GET http://test/api/users/me "HTTP/1.1 200 OK"
2026-04-09 09:08:19,530 - httpx - INFO - /home/reeve/.local/lib/python3.13/site-packages/httpx/_client.py:1740 - HTTP Request: GET http://test/api/users/me "HTTP/1.1 401 Unauthorized"
2026-04-09 09:19:36,663 - httpx - INFO - /home/reeve/.local/lib/python3.13/site-packages/httpx/_client.py:1740 - HTTP Request: POST http://test/api/auth/login "HTTP/1.1 200 OK"
2026-04-09 09:19:36,674 - httpx - INFO - /home/reeve/.local/lib/python3.13/site-packages/httpx/_client.py:1740 - HTTP Request: POST http://test/api/practice/session "HTTP/1.1 201 Created"
2026-04-09 09:19:37,270 - httpx - INFO - /home/reeve/.local/lib/python3.13/site-packages/httpx/_client.py:1740 - HTTP Request: POST http://test/api/auth/login "HTTP/1.1 200 OK"
2026-04-09 09:19:37,282 - app.routers.practice - INFO - /home/reeve/math-buddy/app/routers/practice.py:33 - [submit_answer] session_id=1, data=problem_id=1 user_answer=4
2026-04-09 09:19:37,291 - httpx - INFO - /home/reeve/.local/lib/python3.13/site-packages/httpx/_client.py:1740 - HTTP Request: POST http://test/api/practice/session/1/answer "HTTP/1.1 200 OK"
2026-04-09 09:19:37,888 - httpx - INFO - /home/reeve/.local/lib/python3.13/site-packages/httpx/_client.py:1740 - HTTP Request: POST http://test/api/auth/login "HTTP/1.1 200 OK"
2026-04-09 09:19:37,898 - app.routers.practice - INFO - /home/reeve/math-buddy/app/routers/practice.py:33 - [submit_answer] session_id=1, data=problem_id=1 user_answer=99
2026-04-09 09:19:37,902 - httpx - INFO - /home/reeve/.local/lib/python3.13/site-packages/httpx/_client.py:1740 - HTTP Request: POST http://test/api/practice/session/1/answer "HTTP/1.1 200 OK"
2026-04-09 09:19:38,498 - httpx - INFO - /home/reeve/.local/lib/python3.13/site-packages/httpx/_client.py:1740 - HTTP Request: POST http://test/api/auth/login "HTTP/1.1 200 OK"
2026-04-09 09:19:38,511 - httpx - INFO - /home/reeve/.local/lib/python3.13/site-packages/httpx/_client.py:1740 - HTTP Request: GET http://test/api/practice/session/1/stats "HTTP/1.1 200 OK"
2026-04-09 09:19:39,106 - httpx - INFO - /home/reeve/.local/lib/python3.13/site-packages/httpx/_client.py:1740 - HTTP Request: POST http://test/api/auth/login "HTTP/1.1 200 OK"
2026-04-09 09:19:39,112 - httpx - INFO - /home/reeve/.local/lib/python3.13/site-packages/httpx/_client.py:1740 - HTTP Request: GET http://test/api/practice/session/99999/stats "HTTP/1.1 404 Not Found"
2026-04-09 09:19:39,708 - httpx - INFO - /home/reeve/.local/lib/python3.13/site-packages/httpx/_client.py:1740 - HTTP Request: POST http://test/api/auth/login "HTTP/1.1 200 OK"
2026-04-09 09:19:39,712 - app.services.practice_service - INFO - /home/reeve/math-buddy/app/services/practice_service.py:88 - [get_random_problem] generating new problem: op=addition, diff=easy
2026-04-09 09:19:39,716 - httpx - INFO - /home/reeve/.local/lib/python3.13/site-packages/httpx/_client.py:1740 - HTTP Request: GET http://test/api/practice/problem?operation=addition "HTTP/1.1 200 OK"
2026-04-09 09:41:34,544 - httpx - INFO - /home/reeve/.local/lib/python3.13/site-packages/httpx/_client.py:1740 - HTTP Request: POST http://test/api/auth/register "HTTP/1.1 200 OK"
2026-04-09 09:41:34,856 - httpx - INFO - /home/reeve/.local/lib/python3.13/site-packages/httpx/_client.py:1740 - HTTP Request: POST http://test/api/auth/register "HTTP/1.1 400 Bad Request"
2026-04-09 09:41:35,454 - httpx - INFO - /home/reeve/.local/lib/python3.13/site-packages/httpx/_client.py:1740 - HTTP Request: POST http://test/api/auth/login "HTTP/1.1 200 OK"
2026-04-09 09:41:36,074 - httpx - INFO - /home/reeve/.local/lib/python3.13/site-packages/httpx/_client.py:1740 - HTTP Request: POST http://test/api/auth/login "HTTP/1.1 401 Unauthorized"
2026-04-09 09:41:36,680 - httpx - INFO - /home/reeve/.local/lib/python3.13/site-packages/httpx/_client.py:1740 - HTTP Request: POST http://test/api/auth/login "HTTP/1.1 200 OK"
2026-04-09 09:41:36,686 - httpx - INFO - /home/reeve/.local/lib/python3.13/site-packages/httpx/_client.py:1740 - HTTP Request: GET http://test/api/users/me "HTTP/1.1 200 OK"
2026-04-09 09:41:36,714 - httpx - INFO - /home/reeve/.local/lib/python3.13/site-packages/httpx/_client.py:1740 - HTTP Request: GET http://test/api/users/me "HTTP/1.1 401 Unauthorized"
